<?xml version="1.0" encoding="UTF-8"?>
<!-- Generated by org.testng.reporters.JUnitReportReporter -->
<testsuite hostname="Shekhar" failures="0" tests="1" name="shekharsPro.RestApi" time="0.020" errors="0" timestamp="2022-08-11T05:51:16 IST" skipped="0">
  <testcase classname="shekharsPro.RestApi" name="deletTwitter" time="0.020"/>
  <system-out/>
</testsuite> <!-- shekharsPro.RestApi -->
