<?xml version="1.0" encoding="UTF-8"?>
<!-- Generated by org.testng.reporters.JUnitReportReporter -->
<testsuite hostname="Shekhar" failures="0" tests="2" name="shekharsPro.RestApiTest" time="0.002" errors="0" timestamp="2022-08-11T06:13:58 IST" skipped="0">
  <testcase classname="shekharsPro.RestApiTest" name="postJira" time="0.001"/>
  <system-out/>
  <testcase classname="shekharsPro.RestApiTest" name="deletTwitter" time="0.001"/>
  <system-out/>
</testsuite> <!-- shekharsPro.RestApiTest -->
