<?xml version="1.0" encoding="UTF-8"?>
<!-- Generated by org.testng.reporters.JUnitReportReporter -->
<testsuite hostname="Shekhar" failures="0" tests="1" name="shekharsPro.SeleniumTest" time="11.236" errors="0" timestamp="2022-08-11T06:38:54 IST" skipped="0">
  <testcase classname="shekharsPro.SeleniumTest" name="browserAutomation" time="11.236"/>
  <system-out/>
</testsuite> <!-- shekharsPro.SeleniumTest -->
